WARNING:root:Couldn't load Dpoll audit @shaka/lmac-round-103-the-final-poll-vote-for-your-favorite-entries-and-help-decide-who-the-winners-will-be-220-hive-to-be-awarded.
WARNING:root:Couldn't load Dpoll audit @shaka/lmac-round-103-the-final-poll-vote-for-your-favorite-entries-and-help-decide-who-the-winners-will-be-220-hive-to-be-awarded.
INFO:root:Found and added @shaka/lmac-round-103-the-final-poll-vote-for-your-favorite-entries-and-help-decide-who-the-winners-will-be-220-hive-to-be-awarded.
INFO:root:Found and added @shaka/lmac-round-103-the-final-poll-vote-for-your-favorite-entries-and-help-decide-who-the-winners-will-be-220-hive-to-be-awarded.
INFO:root:Found and added @shaka/lmac-round-103-the-final-poll-vote-for-your-favorite-entries-and-help-decide-who-the-winners-will-be-220-hive-to-be-awarded.
12/17/2021 10:35:07 PM - INFO : Found and added @shaka/lmac-round-103-the-final-poll-vote-for-your-favorite-entries-and-help-decide-who-the-winners-will-be-220-hive-to-be-awarded.
12/17/2021 10:40:44 PM - INFO : Found and added @shaka/lmac-round-103-the-final-poll-vote-for-your-favorite-entries-and-help-decide-who-the-winners-will-be-220-hive-to-be-awarded.
12/18/2021 12:04:30 AM - INFO : Found and added @shaka/lmac-round-103-the-final-poll-vote-for-your-favorite-entries-and-help-decide-who-the-winners-will-be-220-hive-to-be-awarded.
12/18/2021 12:12:39 AM - INFO : Found and added @shaka/lmac-round-103-the-final-poll-vote-for-your-favorite-entries-and-help-decide-who-the-winners-will-be-220-hive-to-be-awarded.
12/18/2021 12:13:06 AM - INFO : Found and added @shaka/lmac-round-103-the-final-poll-vote-for-your-favorite-entries-and-help-decide-who-the-winners-will-be-220-hive-to-be-awarded.
12/18/2021 12:17:47 AM - INFO : Found and added @shaka/lmac-round-103-the-final-poll-vote-for-your-favorite-entries-and-help-decide-who-the-winners-will-be-220-hive-to-be-awarded.
12/18/2021 12:54:44 AM - INFO : Found and added @shaka/lmac-round-103-the-final-poll-vote-for-your-favorite-entries-and-help-decide-who-the-winners-will-be-220-hive-to-be-awarded.
12/18/2021 01:10:24 AM - INFO : Found and added @shaka/lmac-round-103-the-final-poll-vote-for-your-favorite-entries-and-help-decide-who-the-winners-will-be-220-hive-to-be-awarded.
12/18/2021 03:31:55 AM - INFO : Found and added @shaka/lmac-round-103-the-final-poll-vote-for-your-favorite-entries-and-help-decide-who-the-winners-will-be-220-hive-to-be-awarded.
12/18/2021 04:04:53 AM - INFO : Found and added @shaka/lmac-round-103-the-final-poll-vote-for-your-favorite-entries-and-help-decide-who-the-winners-will-be-220-hive-to-be-awarded.
12/18/2021 04:06:46 AM - INFO : Found and added @shaka/lmac-round-103-the-final-poll-vote-for-your-favorite-entries-and-help-decide-who-the-winners-will-be-220-hive-to-be-awarded.
12/18/2021 04:39:26 AM - INFO : Found and added @shaka/lmac-round-103-the-final-poll-vote-for-your-favorite-entries-and-help-decide-who-the-winners-will-be-220-hive-to-be-awarded.
12/19/2021 07:13:55 PM - INFO : Found and added @shaka/lmac-round-103-the-final-poll-vote-for-your-favorite-entries-and-help-decide-who-the-winners-will-be-220-hive-to-be-awarded.
12/19/2021 07:16:37 PM - INFO : Found and added @shaka/lmac-round-103-the-final-poll-vote-for-your-favorite-entries-and-help-decide-who-the-winners-will-be-220-hive-to-be-awarded.
12/19/2021 08:19:58 PM - INFO : Found and added @shaka/lmac-round-103-the-final-poll-vote-for-your-favorite-entries-and-help-decide-who-the-winners-will-be-220-hive-to-be-awarded.
12/19/2021 08:19:59 PM - INFO : Found and added @shaka/lmac-round-102-the-final-poll-vote-for-your-favorite-entries-and-help-decide-who-the-winners-will-be-167-hive-to-be-awarded.
12/19/2021 08:20:00 PM - INFO : Found and added @shaka/lmac-round-101-the-final-poll-vote-for-your-favorite-entries-and-help-decide-who-the-winners-will-be-185-hive-to-be-awarded.
12/19/2021 08:53:54 PM - INFO : Found and added @shaka/lmac-round-103-the-final-poll-vote-for-your-favorite-entries-and-help-decide-who-the-winners-will-be-220-hive-to-be-awarded.
12/19/2021 08:53:55 PM - INFO : Found and added @shaka/lmac-round-102-the-final-poll-vote-for-your-favorite-entries-and-help-decide-who-the-winners-will-be-167-hive-to-be-awarded.
12/19/2021 08:53:56 PM - INFO : Found and added @shaka/lmac-round-101-the-final-poll-vote-for-your-favorite-entries-and-help-decide-who-the-winners-will-be-185-hive-to-be-awarded.
12/19/2021 08:53:57 PM - WARNING : sue-an not found in DPoll data but found in Final Poll post.
12/19/2021 08:53:57 PM - INFO : Found and added @shaka/lmac-jubilee-round-100-the-final-poll-vote-for-your-favorite-entries-and-help-decide-who-the-winners-will-be-242-hive-to-be-awarded.
12/19/2021 08:53:58 PM - INFO : Found and added @shaka/lmac-round-99-the-final-poll-vote-for-your-favorite-entries-and-help-decide-who-the-winners-will-be-230-hive-to-be-awarded.
12/19/2021 08:53:58 PM - INFO : Found and added @shaka/lmac-round-98-the-final-poll-vote-for-your-favorite-entries-and-help-decide-who-the-winners-will-be-229-hive-to-be-awarded.
12/19/2021 08:53:59 PM - INFO : Found and added @shaka/lmac-round-97-the-final-poll-vote-for-your-favorite-entries-and-help-decide-who-the-winners-will-be-227-hive-to-be-awarded.
12/19/2021 08:54:00 PM - INFO : Found and added @shaka/lmac-round-96-the-final-poll-vote-for-your-favorite-entries-and-help-decide-who-the-winners-will-be-214-hive-to-be-awarded.
12/19/2021 08:54:01 PM - INFO : Found and added @shaka/lmac-round-95-the-final-poll-vote-for-your-favorite-entries-and-help-decide-who-the-winners-will-be-203-hive-plus-10000-ccc-to-be-awarded.
12/19/2021 08:54:03 PM - INFO : Found and added @shaka/lmac-round-94-the-final-poll-vote-for-your-favorite-entries-and-help-decide-who-the-winners-will-be-197-hive-to-be-awarded.
12/19/2021 08:54:04 PM - INFO : Found and added @shaka/lmac-round-93-the-final-poll-vote-for-your-favorite-entries-and-help-decide-who-the-winners-will-be-210-hive-to-be-awarded.
12/19/2021 08:54:06 PM - INFO : Found and added @shaka/lmac-round-92-the-final-poll-vote-for-your-favorite-entries-and-help-decide-who-the-winners-will-be-204-hive-to-be-awarded.
12/19/2021 08:54:07 PM - INFO : Found and added @shaka/lmac-round-91-the-final-poll-vote-for-your-favorite-entries-and-help-decide-who-the-winners-will-be-219-hive-to-be-awarded.
12/19/2021 08:54:09 PM - INFO : Found and added @shaka/lmac-round-90-the-final-poll-vote-for-your-favorite-entries-and-help-decide-who-the-winners-will-be-145-hive-to-be-awarded.
12/19/2021 08:54:10 PM - WARNING : danezca not found in DPoll data but found in Final Poll post.
12/19/2021 08:54:10 PM - WARNING : m1alsan not found in DPoll data but found in Final Poll post.
12/19/2021 08:54:10 PM - WARNING : javielys not found in DPoll data but found in Final Poll post.
12/19/2021 08:54:10 PM - WARNING : zuly63 not found in DPoll data but found in Final Poll post.
12/19/2021 08:54:10 PM - WARNING : angeli-b not found in DPoll data but found in Final Poll post.
12/19/2021 08:54:10 PM - WARNING : lunaturqueza not found in DPoll data but found in Final Poll post.
12/19/2021 08:54:10 PM - WARNING : panksero not found in DPoll data but found in Final Poll post.
12/19/2021 08:54:10 PM - WARNING : redheadpei not found in DPoll data but found in Final Poll post.
12/19/2021 08:54:10 PM - WARNING : mballesteros not found in DPoll data but found in Final Poll post.
12/19/2021 08:54:10 PM - WARNING : onyechi not found in DPoll data but found in Final Poll post.
12/19/2021 08:54:10 PM - WARNING : poderart not found in DPoll data but found in Final Poll post.
12/19/2021 08:54:10 PM - WARNING : justclickindiva not found in DPoll data but found in Final Poll post.
12/19/2021 08:54:10 PM - WARNING : brume7 not found in DPoll data but found in Final Poll post.
12/19/2021 08:54:10 PM - WARNING : iyimoga not found in DPoll data but found in Final Poll post.
12/19/2021 08:54:10 PM - WARNING : amilcar14 not found in DPoll data but found in Final Poll post.
12/19/2021 08:54:10 PM - INFO : Found and added @shaka/lmac-round-89-the-final-poll-vote-for-your-favorite-entries-and-help-decide-who-the-winners-will-be-139-hive-to-be-awarded.
12/19/2021 08:54:12 PM - INFO : Found and added @shaka/lmac-round-88-the-final-poll-vote-for-your-favorite-entries-and-help-decide-who-the-winners-will-be-171-hive-to-be-awarded.
12/19/2021 08:54:13 PM - INFO : Found and added @shaka/lmac-round-87-the-final-poll-vote-for-your-favorite-entries-and-help-decide-who-the-winners-will-be-153-hive-to-be-awarded.
12/19/2021 08:54:15 PM - INFO : Found and added @shaka/lmac-round-86-the-final-poll-vote-for-your-favorite-entries-and-help-decide-who-the-winners-will-be-201-hive-to-be-awarded.
12/19/2021 08:54:17 PM - WARNING : raquel19 not found in DPoll data but found in Final Poll post.
12/19/2021 08:54:17 PM - INFO : Found and added @shaka/lmac-round-85-the-final-poll-vote-for-your-favorite-entries-and-help-decide-who-the-winners-will-be-196-hive-to-be-awarded.
12/19/2021 08:54:19 PM - INFO : Found and added @shaka/lmac-round-84-the-final-poll-vote-for-your-favorite-entries-and-help-decide-who-the-winners-will-be-144-hive-to-be-awarded.
12/19/2021 08:54:20 PM - INFO : Found and added @shaka/lmac-round-83-the-final-poll-vote-for-your-favorite-entries-and-help-decide-who-the-winners-will-be-204-hive-to-be-awarded.
12/19/2021 08:54:23 PM - INFO : Found and added @shaka/lmac-round-82-the-final-poll-vote-for-your-favorite-entries-and-help-decide-who-the-winners-will-be-146-hive-to-be-awarded.
12/19/2021 08:54:25 PM - INFO : Found and added @shaka/lmac-round-81-the-final-poll-vote-for-your-favorite-entries-and-help-decide-who-the-winners-will-be-158-hive-to-be-awarded.
12/19/2021 08:54:27 PM - INFO : Found and added @shaka/lmac-round-80-the-final-poll-vote-for-your-favorite-entries-and-help-decide-who-the-winners-will-be-169-hive-to-be-awarded.
12/19/2021 09:02:10 PM - INFO : Found and added @shaka/lmac-round-103-the-final-poll-vote-for-your-favorite-entries-and-help-decide-who-the-winners-will-be-220-hive-to-be-awarded.
12/19/2021 09:02:11 PM - INFO : Found and added @shaka/lmac-round-102-the-final-poll-vote-for-your-favorite-entries-and-help-decide-who-the-winners-will-be-167-hive-to-be-awarded.
12/19/2021 09:02:13 PM - INFO : Found and added @shaka/lmac-round-101-the-final-poll-vote-for-your-favorite-entries-and-help-decide-who-the-winners-will-be-185-hive-to-be-awarded.
12/19/2021 09:02:15 PM - WARNING : sue-an not found in DPoll data but found in Final Poll post.
12/19/2021 09:02:15 PM - INFO : Found and added @shaka/lmac-jubilee-round-100-the-final-poll-vote-for-your-favorite-entries-and-help-decide-who-the-winners-will-be-242-hive-to-be-awarded.
12/19/2021 09:02:16 PM - INFO : Found and added @shaka/lmac-round-99-the-final-poll-vote-for-your-favorite-entries-and-help-decide-who-the-winners-will-be-230-hive-to-be-awarded.
12/19/2021 09:02:18 PM - INFO : Found and added @shaka/lmac-round-98-the-final-poll-vote-for-your-favorite-entries-and-help-decide-who-the-winners-will-be-229-hive-to-be-awarded.
12/19/2021 09:02:20 PM - INFO : Found and added @shaka/lmac-round-97-the-final-poll-vote-for-your-favorite-entries-and-help-decide-who-the-winners-will-be-227-hive-to-be-awarded.
12/19/2021 09:02:21 PM - INFO : Found and added @shaka/lmac-round-96-the-final-poll-vote-for-your-favorite-entries-and-help-decide-who-the-winners-will-be-214-hive-to-be-awarded.
12/19/2021 09:02:22 PM - INFO : Found and added @shaka/lmac-round-95-the-final-poll-vote-for-your-favorite-entries-and-help-decide-who-the-winners-will-be-203-hive-plus-10000-ccc-to-be-awarded.
12/19/2021 09:02:24 PM - INFO : Found and added @shaka/lmac-round-94-the-final-poll-vote-for-your-favorite-entries-and-help-decide-who-the-winners-will-be-197-hive-to-be-awarded.
12/19/2021 09:02:25 PM - INFO : Found and added @shaka/lmac-round-93-the-final-poll-vote-for-your-favorite-entries-and-help-decide-who-the-winners-will-be-210-hive-to-be-awarded.
12/19/2021 09:02:27 PM - INFO : Found and added @shaka/lmac-round-92-the-final-poll-vote-for-your-favorite-entries-and-help-decide-who-the-winners-will-be-204-hive-to-be-awarded.
12/19/2021 09:02:29 PM - INFO : Found and added @shaka/lmac-round-91-the-final-poll-vote-for-your-favorite-entries-and-help-decide-who-the-winners-will-be-219-hive-to-be-awarded.
12/19/2021 09:02:30 PM - INFO : Found and added @shaka/lmac-round-90-the-final-poll-vote-for-your-favorite-entries-and-help-decide-who-the-winners-will-be-145-hive-to-be-awarded.
12/19/2021 09:02:32 PM - WARNING : danezca not found in DPoll data but found in Final Poll post.
12/19/2021 09:02:32 PM - WARNING : m1alsan not found in DPoll data but found in Final Poll post.
12/19/2021 09:02:32 PM - WARNING : javielys not found in DPoll data but found in Final Poll post.
12/19/2021 09:02:32 PM - WARNING : zuly63 not found in DPoll data but found in Final Poll post.
12/19/2021 09:02:32 PM - WARNING : angeli-b not found in DPoll data but found in Final Poll post.
12/19/2021 09:02:32 PM - WARNING : lunaturqueza not found in DPoll data but found in Final Poll post.
12/19/2021 09:02:32 PM - WARNING : panksero not found in DPoll data but found in Final Poll post.
12/19/2021 09:02:32 PM - WARNING : redheadpei not found in DPoll data but found in Final Poll post.
12/19/2021 09:02:32 PM - WARNING : mballesteros not found in DPoll data but found in Final Poll post.
12/19/2021 09:02:32 PM - WARNING : onyechi not found in DPoll data but found in Final Poll post.
12/19/2021 09:02:32 PM - WARNING : poderart not found in DPoll data but found in Final Poll post.
12/19/2021 09:02:32 PM - WARNING : justclickindiva not found in DPoll data but found in Final Poll post.
12/19/2021 09:02:32 PM - WARNING : brume7 not found in DPoll data but found in Final Poll post.
12/19/2021 09:02:32 PM - WARNING : iyimoga not found in DPoll data but found in Final Poll post.
12/19/2021 09:02:32 PM - WARNING : amilcar14 not found in DPoll data but found in Final Poll post.
12/19/2021 09:02:32 PM - INFO : Found and added @shaka/lmac-round-89-the-final-poll-vote-for-your-favorite-entries-and-help-decide-who-the-winners-will-be-139-hive-to-be-awarded.
12/19/2021 09:02:34 PM - INFO : Found and added @shaka/lmac-round-88-the-final-poll-vote-for-your-favorite-entries-and-help-decide-who-the-winners-will-be-171-hive-to-be-awarded.
12/19/2021 09:02:35 PM - INFO : Found and added @shaka/lmac-round-87-the-final-poll-vote-for-your-favorite-entries-and-help-decide-who-the-winners-will-be-153-hive-to-be-awarded.
12/19/2021 09:02:37 PM - INFO : Found and added @shaka/lmac-round-86-the-final-poll-vote-for-your-favorite-entries-and-help-decide-who-the-winners-will-be-201-hive-to-be-awarded.
12/19/2021 09:02:39 PM - WARNING : raquel19 not found in DPoll data but found in Final Poll post.
12/19/2021 09:02:39 PM - INFO : Found and added @shaka/lmac-round-85-the-final-poll-vote-for-your-favorite-entries-and-help-decide-who-the-winners-will-be-196-hive-to-be-awarded.
12/19/2021 09:02:40 PM - INFO : Found and added @shaka/lmac-round-84-the-final-poll-vote-for-your-favorite-entries-and-help-decide-who-the-winners-will-be-144-hive-to-be-awarded.
12/19/2021 09:02:42 PM - INFO : Found and added @shaka/lmac-round-83-the-final-poll-vote-for-your-favorite-entries-and-help-decide-who-the-winners-will-be-204-hive-to-be-awarded.
12/19/2021 09:02:44 PM - INFO : Found and added @shaka/lmac-round-82-the-final-poll-vote-for-your-favorite-entries-and-help-decide-who-the-winners-will-be-146-hive-to-be-awarded.
12/19/2021 09:02:46 PM - INFO : Found and added @shaka/lmac-round-81-the-final-poll-vote-for-your-favorite-entries-and-help-decide-who-the-winners-will-be-158-hive-to-be-awarded.
12/19/2021 09:02:48 PM - INFO : Found and added @shaka/lmac-round-80-the-final-poll-vote-for-your-favorite-entries-and-help-decide-who-the-winners-will-be-169-hive-to-be-awarded.
12/19/2021 09:34:55 PM - INFO : Found and added @shaka/lmac-round-103-the-final-poll-vote-for-your-favorite-entries-and-help-decide-who-the-winners-will-be-220-hive-to-be-awarded.
12/19/2021 09:34:56 PM - INFO : Found and added @shaka/lmac-round-102-the-final-poll-vote-for-your-favorite-entries-and-help-decide-who-the-winners-will-be-167-hive-to-be-awarded.
12/19/2021 09:34:56 PM - INFO : Found and added @shaka/lmac-round-101-the-final-poll-vote-for-your-favorite-entries-and-help-decide-who-the-winners-will-be-185-hive-to-be-awarded.
12/19/2021 09:34:57 PM - WARNING : sue-an not found in DPoll data but found in Final Poll post.
12/19/2021 09:34:57 PM - INFO : Found and added @shaka/lmac-jubilee-round-100-the-final-poll-vote-for-your-favorite-entries-and-help-decide-who-the-winners-will-be-242-hive-to-be-awarded.
12/19/2021 09:34:58 PM - INFO : Found and added @shaka/lmac-round-99-the-final-poll-vote-for-your-favorite-entries-and-help-decide-who-the-winners-will-be-230-hive-to-be-awarded.
12/19/2021 09:34:59 PM - INFO : Found and added @shaka/lmac-round-98-the-final-poll-vote-for-your-favorite-entries-and-help-decide-who-the-winners-will-be-229-hive-to-be-awarded.
12/19/2021 09:35:00 PM - INFO : Found and added @shaka/lmac-round-97-the-final-poll-vote-for-your-favorite-entries-and-help-decide-who-the-winners-will-be-227-hive-to-be-awarded.
12/19/2021 09:35:01 PM - INFO : Found and added @shaka/lmac-round-96-the-final-poll-vote-for-your-favorite-entries-and-help-decide-who-the-winners-will-be-214-hive-to-be-awarded.
12/19/2021 09:35:02 PM - INFO : Found and added @shaka/lmac-round-95-the-final-poll-vote-for-your-favorite-entries-and-help-decide-who-the-winners-will-be-203-hive-plus-10000-ccc-to-be-awarded.
12/19/2021 09:35:04 PM - INFO : Found and added @shaka/lmac-round-94-the-final-poll-vote-for-your-favorite-entries-and-help-decide-who-the-winners-will-be-197-hive-to-be-awarded.
12/19/2021 09:35:05 PM - INFO : Found and added @shaka/lmac-round-93-the-final-poll-vote-for-your-favorite-entries-and-help-decide-who-the-winners-will-be-210-hive-to-be-awarded.
12/19/2021 09:35:06 PM - INFO : Found and added @shaka/lmac-round-92-the-final-poll-vote-for-your-favorite-entries-and-help-decide-who-the-winners-will-be-204-hive-to-be-awarded.
12/19/2021 09:35:08 PM - INFO : Found and added @shaka/lmac-round-91-the-final-poll-vote-for-your-favorite-entries-and-help-decide-who-the-winners-will-be-219-hive-to-be-awarded.
12/19/2021 09:35:09 PM - INFO : Found and added @shaka/lmac-round-90-the-final-poll-vote-for-your-favorite-entries-and-help-decide-who-the-winners-will-be-145-hive-to-be-awarded.
12/19/2021 09:35:10 PM - WARNING : danezca not found in DPoll data but found in Final Poll post.
12/19/2021 09:35:10 PM - WARNING : m1alsan not found in DPoll data but found in Final Poll post.
12/19/2021 09:35:10 PM - WARNING : javielys not found in DPoll data but found in Final Poll post.
12/19/2021 09:35:10 PM - WARNING : zuly63 not found in DPoll data but found in Final Poll post.
12/19/2021 09:35:10 PM - WARNING : angeli-b not found in DPoll data but found in Final Poll post.
12/19/2021 09:35:10 PM - WARNING : lunaturqueza not found in DPoll data but found in Final Poll post.
12/19/2021 09:35:10 PM - WARNING : panksero not found in DPoll data but found in Final Poll post.
12/19/2021 09:35:10 PM - WARNING : redheadpei not found in DPoll data but found in Final Poll post.
12/19/2021 09:35:10 PM - WARNING : mballesteros not found in DPoll data but found in Final Poll post.
12/19/2021 09:35:10 PM - WARNING : onyechi not found in DPoll data but found in Final Poll post.
12/19/2021 09:35:10 PM - WARNING : poderart not found in DPoll data but found in Final Poll post.
12/19/2021 09:35:10 PM - WARNING : justclickindiva not found in DPoll data but found in Final Poll post.
12/19/2021 09:35:10 PM - WARNING : brume7 not found in DPoll data but found in Final Poll post.
12/19/2021 09:35:10 PM - WARNING : iyimoga not found in DPoll data but found in Final Poll post.
12/19/2021 09:35:10 PM - WARNING : amilcar14 not found in DPoll data but found in Final Poll post.
12/19/2021 09:35:10 PM - INFO : Found and added @shaka/lmac-round-89-the-final-poll-vote-for-your-favorite-entries-and-help-decide-who-the-winners-will-be-139-hive-to-be-awarded.
12/19/2021 09:35:11 PM - INFO : Found and added @shaka/lmac-round-88-the-final-poll-vote-for-your-favorite-entries-and-help-decide-who-the-winners-will-be-171-hive-to-be-awarded.
12/19/2021 09:35:12 PM - INFO : Found and added @shaka/lmac-round-87-the-final-poll-vote-for-your-favorite-entries-and-help-decide-who-the-winners-will-be-153-hive-to-be-awarded.
12/19/2021 09:35:13 PM - INFO : Found and added @shaka/lmac-round-86-the-final-poll-vote-for-your-favorite-entries-and-help-decide-who-the-winners-will-be-201-hive-to-be-awarded.
12/19/2021 09:35:15 PM - WARNING : raquel19 not found in DPoll data but found in Final Poll post.
12/19/2021 09:35:15 PM - INFO : Found and added @shaka/lmac-round-85-the-final-poll-vote-for-your-favorite-entries-and-help-decide-who-the-winners-will-be-196-hive-to-be-awarded.
12/19/2021 09:35:16 PM - INFO : Found and added @shaka/lmac-round-84-the-final-poll-vote-for-your-favorite-entries-and-help-decide-who-the-winners-will-be-144-hive-to-be-awarded.
12/19/2021 09:35:17 PM - INFO : Found and added @shaka/lmac-round-83-the-final-poll-vote-for-your-favorite-entries-and-help-decide-who-the-winners-will-be-204-hive-to-be-awarded.
12/19/2021 09:35:18 PM - INFO : Found and added @shaka/lmac-round-82-the-final-poll-vote-for-your-favorite-entries-and-help-decide-who-the-winners-will-be-146-hive-to-be-awarded.
12/19/2021 09:35:20 PM - INFO : Found and added @shaka/lmac-round-81-the-final-poll-vote-for-your-favorite-entries-and-help-decide-who-the-winners-will-be-158-hive-to-be-awarded.
12/19/2021 09:35:21 PM - INFO : Found and added @shaka/lmac-round-80-the-final-poll-vote-for-your-favorite-entries-and-help-decide-who-the-winners-will-be-169-hive-to-be-awarded.
01/13/2022 01:57:25 AM - WARNING : Unknown contest Id in @shaka/lets-make-a-collage-round-107-winner-announcement.
01/13/2022 01:57:25 AM - WARNING : Unknown contest Id in @shaka/lets-make-a-collage-round-106-winner-announcement.
01/13/2022 01:59:05 AM - WARNING : Unknown contest Id in @shaka/lets-make-a-collage-round-107-winner-announcement.
01/13/2022 01:59:05 AM - WARNING : Unknown contest Id in @shaka/lets-make-a-collage-round-106-winner-announcement.
01/13/2022 01:59:24 AM - WARNING : Unknown contest Id in @shaka/lets-make-a-collage-round-107-winner-announcement.
01/13/2022 01:59:24 AM - WARNING : Unknown contest Id in @shaka/lets-make-a-collage-round-106-winner-announcement.
01/13/2022 01:59:37 AM - WARNING : Unknown contest Id in @shaka/lets-make-a-collage-round-107-winner-announcement.
01/13/2022 01:59:37 AM - WARNING : Unknown contest Id in @shaka/lets-make-a-collage-round-106-winner-announcement.
01/13/2022 01:59:52 AM - WARNING : Unknown contest Id in @shaka/lets-make-a-collage-round-107-winner-announcement.
01/13/2022 01:59:52 AM - WARNING : Unknown contest Id in @shaka/lets-make-a-collage-round-106-winner-announcement.
01/13/2022 02:00:39 AM - WARNING : Unknown contest Id in @shaka/lets-make-a-collage-round-107-winner-announcement.
01/13/2022 02:00:39 AM - WARNING : Unknown contest Id in @shaka/lets-make-a-collage-round-106-winner-announcement.
01/13/2022 02:00:57 AM - WARNING : Unknown contest Id in @shaka/lets-make-a-collage-round-107-winner-announcement.
01/13/2022 02:00:57 AM - WARNING : Unknown contest Id in @shaka/lets-make-a-collage-round-106-winner-announcement.
01/13/2022 02:00:57 AM - WARNING : Unknown contest Id in @shaka/lets-make-a-collage-round-105-winner-announcement.
01/13/2022 02:00:57 AM - WARNING : Unknown contest Id in @shaka/lets-make-a-collage-round-104-winner-announcement.
01/13/2022 02:01:51 AM - WARNING : Unknown contest Id in @shaka/lets-make-a-collage-round-107-winner-announcement.
01/13/2022 02:01:51 AM - WARNING : Unknown contest Id in @shaka/lets-make-a-collage-round-106-winner-announcement.
01/13/2022 02:01:51 AM - WARNING : Unknown contest Id in @shaka/lets-make-a-collage-round-105-winner-announcement.
01/13/2022 02:01:51 AM - WARNING : Unknown contest Id in @shaka/lets-make-a-collage-round-104-winner-announcement.
01/13/2022 02:02:29 AM - WARNING : Unknown contest Id in @shaka/lets-make-a-collage-round-107-winner-announcement.
01/13/2022 02:02:29 AM - WARNING : Unknown contest Id in @shaka/lets-make-a-collage-round-106-winner-announcement.
01/13/2022 02:02:29 AM - WARNING : Unknown contest Id in @shaka/lets-make-a-collage-round-105-winner-announcement.
01/13/2022 02:02:29 AM - WARNING : Unknown contest Id in @shaka/lets-make-a-collage-round-104-winner-announcement.
01/13/2022 02:05:48 AM - INFO : Found and added @shaka/lets-make-a-collage-round-107-winner-announcement.
01/13/2022 02:05:48 AM - INFO : Found and added @shaka/lets-make-a-collage-round-106-winner-announcement.
01/13/2022 02:05:48 AM - INFO : Found and added @shaka/lets-make-a-collage-round-105-winner-announcement.
01/13/2022 02:05:48 AM - INFO : Found and added @shaka/lets-make-a-collage-round-104-winner-announcement.
01/13/2022 02:07:58 AM - INFO : Found and added @shaka/lets-make-a-collage-round-107-winner-announcement.
01/13/2022 02:07:58 AM - INFO : Found and added @shaka/lets-make-a-collage-round-106-winner-announcement.
01/13/2022 02:07:58 AM - INFO : Found and added @shaka/lets-make-a-collage-round-105-winner-announcement.
01/13/2022 02:07:58 AM - INFO : Found and added @shaka/lets-make-a-collage-round-104-winner-announcement.
01/13/2022 02:09:23 AM - INFO : Found and added @shaka/lets-make-a-collage-round-107-winner-announcement.
01/13/2022 02:09:23 AM - INFO : Found and added @shaka/lets-make-a-collage-round-106-winner-announcement.
01/13/2022 02:09:23 AM - INFO : Found and added @shaka/lets-make-a-collage-round-105-winner-announcement.
01/13/2022 02:09:23 AM - INFO : Found and added @shaka/lets-make-a-collage-round-104-winner-announcement.
01/13/2022 02:11:50 AM - INFO : Found and added @shaka/lets-make-a-collage-round-107-winner-announcement.
01/13/2022 02:11:50 AM - INFO : Found and added @shaka/lets-make-a-collage-round-106-winner-announcement.
01/13/2022 02:11:50 AM - INFO : Found and added @shaka/lets-make-a-collage-round-105-winner-announcement.
01/13/2022 02:11:50 AM - INFO : Found and added @shaka/lets-make-a-collage-round-104-winner-announcement.
01/13/2022 02:28:07 AM - INFO : Found and added @shaka/lets-make-a-collage-round-107-winner-announcement.
01/13/2022 02:28:07 AM - INFO : Found and added @shaka/lets-make-a-collage-round-106-winner-announcement.
01/13/2022 02:28:07 AM - INFO : Found and added @shaka/lets-make-a-collage-round-105-winner-announcement.
01/13/2022 02:28:07 AM - INFO : Found and added @shaka/lets-make-a-collage-round-104-winner-announcement.
01/13/2022 02:28:32 AM - INFO : Found and added @shaka/lets-make-a-collage-round-107-winner-announcement.
01/13/2022 02:28:32 AM - INFO : Found and added @shaka/lets-make-a-collage-round-106-winner-announcement.
01/13/2022 02:28:32 AM - INFO : Found and added @shaka/lets-make-a-collage-round-105-winner-announcement.
01/13/2022 02:28:32 AM - INFO : Found and added @shaka/lets-make-a-collage-round-104-winner-announcement.
01/13/2022 02:29:20 AM - INFO : Found and added @shaka/lets-make-a-collage-round-107-winner-announcement.
01/13/2022 02:29:20 AM - INFO : Found and added @shaka/lets-make-a-collage-round-106-winner-announcement.
01/13/2022 02:29:20 AM - INFO : Found and added @shaka/lets-make-a-collage-round-105-winner-announcement.
01/13/2022 02:29:20 AM - INFO : Found and added @shaka/lets-make-a-collage-round-104-winner-announcement.
01/13/2022 02:29:30 AM - INFO : Found and added @shaka/lets-make-a-collage-round-107-winner-announcement.
01/13/2022 02:29:30 AM - INFO : Found and added @shaka/lets-make-a-collage-round-106-winner-announcement.
01/13/2022 02:29:30 AM - INFO : Found and added @shaka/lets-make-a-collage-round-105-winner-announcement.
01/13/2022 02:29:30 AM - INFO : Found and added @shaka/lets-make-a-collage-round-104-winner-announcement.
01/13/2022 02:29:44 AM - INFO : Found and added @shaka/lets-make-a-collage-round-107-winner-announcement.
01/13/2022 02:29:44 AM - INFO : Found and added @shaka/lets-make-a-collage-round-106-winner-announcement.
01/13/2022 02:29:44 AM - INFO : Found and added @shaka/lets-make-a-collage-round-105-winner-announcement.
01/13/2022 02:29:44 AM - INFO : Found and added @shaka/lets-make-a-collage-round-104-winner-announcement.
01/13/2022 03:32:07 AM - INFO : Found and added @shaka/lets-make-a-collage-round-107-winner-announcement.
01/13/2022 03:32:07 AM - INFO : Found and added @shaka/lets-make-a-collage-round-106-winner-announcement.
01/13/2022 03:32:07 AM - INFO : Found and added @shaka/lets-make-a-collage-round-105-winner-announcement.
01/13/2022 03:32:07 AM - INFO : Found and added @shaka/lets-make-a-collage-round-104-winner-announcement.
01/13/2022 03:42:14 AM - INFO : Found and added @shaka/lets-make-a-collage-round-107-winner-announcement.
01/13/2022 03:42:14 AM - INFO : Found and added @shaka/lets-make-a-collage-round-106-winner-announcement.
01/13/2022 03:42:14 AM - INFO : Found and added @shaka/lets-make-a-collage-round-105-winner-announcement.
01/13/2022 03:42:14 AM - INFO : Found and added @shaka/lets-make-a-collage-round-104-winner-announcement.
01/13/2022 03:45:26 AM - INFO : Found and added @shaka/lets-make-a-collage-round-107-winner-announcement.
01/13/2022 03:45:26 AM - INFO : Found and added @shaka/lets-make-a-collage-round-106-winner-announcement.
01/13/2022 03:45:26 AM - INFO : Found and added @shaka/lets-make-a-collage-round-105-winner-announcement.
01/13/2022 03:45:26 AM - INFO : Found and added @shaka/lets-make-a-collage-round-104-winner-announcement.
01/13/2022 03:56:16 AM - INFO : Found and added @shaka/lets-make-a-collage-round-107-winner-announcement.
01/13/2022 03:56:16 AM - INFO : Found and added @shaka/lets-make-a-collage-round-106-winner-announcement.
01/13/2022 03:56:16 AM - INFO : Found and added @shaka/lets-make-a-collage-round-105-winner-announcement.
01/13/2022 03:56:16 AM - INFO : Found and added @shaka/lets-make-a-collage-round-104-winner-announcement.
01/13/2022 03:57:16 AM - INFO : Found and added @shaka/lets-make-a-collage-round-107-winner-announcement.
01/13/2022 03:57:16 AM - INFO : Found and added @shaka/lets-make-a-collage-round-106-winner-announcement.
01/13/2022 03:57:16 AM - INFO : Found and added @shaka/lets-make-a-collage-round-105-winner-announcement.
01/13/2022 03:57:16 AM - INFO : Found and added @shaka/lets-make-a-collage-round-104-winner-announcement.
01/13/2022 03:57:51 AM - INFO : Found and added @shaka/lets-make-a-collage-round-107-winner-announcement.
01/13/2022 03:57:51 AM - INFO : Found and added @shaka/lets-make-a-collage-round-106-winner-announcement.
01/13/2022 03:57:51 AM - INFO : Found and added @shaka/lets-make-a-collage-round-105-winner-announcement.
01/13/2022 03:57:51 AM - INFO : Found and added @shaka/lets-make-a-collage-round-104-winner-announcement.
01/13/2022 03:58:25 AM - INFO : Found and added @shaka/lets-make-a-collage-round-107-winner-announcement.
01/13/2022 03:58:25 AM - INFO : Found and added @shaka/lets-make-a-collage-round-106-winner-announcement.
01/13/2022 03:58:25 AM - INFO : Found and added @shaka/lets-make-a-collage-round-105-winner-announcement.
01/13/2022 03:58:25 AM - INFO : Found and added @shaka/lets-make-a-collage-round-104-winner-announcement.
01/13/2022 03:58:36 AM - INFO : Found and added @shaka/lets-make-a-collage-round-107-winner-announcement.
01/13/2022 03:58:36 AM - INFO : Found and added @shaka/lets-make-a-collage-round-106-winner-announcement.
01/13/2022 03:58:36 AM - INFO : Found and added @shaka/lets-make-a-collage-round-105-winner-announcement.
01/13/2022 03:58:36 AM - INFO : Found and added @shaka/lets-make-a-collage-round-104-winner-announcement.
01/13/2022 04:02:25 AM - INFO : Found and added @shaka/lets-make-a-collage-round-107-winner-announcement.
01/13/2022 04:02:25 AM - INFO : Found and added @shaka/lets-make-a-collage-round-106-winner-announcement.
01/13/2022 04:02:25 AM - INFO : Found and added @shaka/lets-make-a-collage-round-105-winner-announcement.
01/13/2022 04:02:25 AM - INFO : Found and added @shaka/lets-make-a-collage-round-104-winner-announcement.
01/13/2022 04:03:00 AM - INFO : Found and added @shaka/lets-make-a-collage-round-107-winner-announcement.
01/13/2022 04:03:00 AM - INFO : Found and added @shaka/lets-make-a-collage-round-106-winner-announcement.
01/13/2022 04:03:00 AM - INFO : Found and added @shaka/lets-make-a-collage-round-105-winner-announcement.
01/13/2022 04:03:00 AM - INFO : Found and added @shaka/lets-make-a-collage-round-104-winner-announcement.
01/13/2022 04:05:35 AM - INFO : Found and added @shaka/lets-make-a-collage-round-107-winner-announcement.
01/13/2022 04:05:35 AM - INFO : Found and added @shaka/lets-make-a-collage-round-106-winner-announcement.
01/13/2022 04:05:35 AM - INFO : Found and added @shaka/lets-make-a-collage-round-105-winner-announcement.
01/13/2022 04:05:35 AM - INFO : Found and added @shaka/lets-make-a-collage-round-104-winner-announcement.
01/13/2022 04:06:17 AM - INFO : Found and added @shaka/lets-make-a-collage-round-107-winner-announcement.
01/13/2022 04:06:17 AM - INFO : Found and added @shaka/lets-make-a-collage-round-106-winner-announcement.
01/13/2022 04:06:17 AM - INFO : Found and added @shaka/lets-make-a-collage-round-105-winner-announcement.
01/13/2022 04:06:17 AM - INFO : Found and added @shaka/lets-make-a-collage-round-104-winner-announcement.
01/13/2022 04:06:17 AM - INFO : Found and added @shaka/lets-make-a-collage-round-103-winner-announcement.
01/13/2022 04:06:17 AM - INFO : Found and added @shaka/lets-make-a-collage-round-102-winner-announcement.
01/13/2022 04:06:17 AM - INFO : Found and added @shaka/lets-make-a-collage-round-101-winner-announcement.
01/13/2022 04:06:17 AM - INFO : Found and added @shaka/lets-make-a-collage-jubilee-round-100-winner-announcement.
01/13/2022 04:06:17 AM - INFO : Found and added @shaka/lets-make-a-collage-round-99-winner-announcement.
01/13/2022 04:06:17 AM - INFO : Found and added @shaka/lets-make-a-collage-round-98-winner-announcement.
01/13/2022 04:06:17 AM - INFO : Found and added @shaka/lets-make-a-collage-round-97-winner-announcement.
01/13/2022 04:06:17 AM - INFO : Found and added @shaka/lets-make-a-collage-round-96-winner-announcement.
01/13/2022 04:06:17 AM - INFO : Found and added @shaka/lets-make-a-collage-round-95-winner-announcement.
01/13/2022 04:06:17 AM - INFO : Found and added @shaka/lets-make-a-collage-round-94-winner-announcement.
01/13/2022 04:06:17 AM - INFO : Found and added @shaka/lets-make-a-collage-round-93-winner-announcement.
01/13/2022 04:06:17 AM - INFO : Found and added @shaka/lets-make-a-collage-round-92-winner-announcement.
01/13/2022 04:06:17 AM - INFO : Found and added @shaka/lets-make-a-collage-round-91-winner-announcement.
01/13/2022 04:06:17 AM - INFO : Found and added @shaka/lets-make-a-collage-round-90-winner-announcement.
01/13/2022 04:06:17 AM - INFO : Found and added @shaka/lets-make-a-collage-round-89-winner-announcement.
01/13/2022 04:06:17 AM - INFO : Found and added @shaka/lets-make-a-collage-round-88-winner-announcement.
01/13/2022 04:06:17 AM - INFO : Found and added @shaka/lets-make-a-collage-round-87-winner-announcement.
01/13/2022 04:06:17 AM - INFO : Found and added @shaka/lets-make-a-collage-round-86-winner-announcement.
01/13/2022 04:06:17 AM - INFO : Found and added @shaka/lets-make-a-collage-round-85-winner-announcement.
01/13/2022 04:06:17 AM - INFO : Found and added @shaka/lets-make-a-collage-round-84-winner-announcement.
01/13/2022 04:06:17 AM - INFO : Found and added @shaka/lets-make-a-collage-round-83-winner-announcement.
01/13/2022 06:09:33 AM - INFO : Found and added @shaka/lets-make-a-collage-round-107-winner-announcement.
01/13/2022 06:09:33 AM - INFO : Found and added @shaka/lets-make-a-collage-round-106-winner-announcement.
01/13/2022 06:09:33 AM - INFO : Found and added @shaka/lets-make-a-collage-round-105-winner-announcement.
01/13/2022 06:09:33 AM - INFO : Found and added @shaka/lets-make-a-collage-round-104-winner-announcement.
01/13/2022 06:09:33 AM - INFO : Found and added @shaka/lets-make-a-collage-round-103-winner-announcement.
01/13/2022 06:09:33 AM - INFO : Found and added @shaka/lets-make-a-collage-round-102-winner-announcement.
01/13/2022 06:09:33 AM - INFO : Found and added @shaka/lets-make-a-collage-round-101-winner-announcement.
01/13/2022 06:09:33 AM - INFO : Found and added @shaka/lets-make-a-collage-jubilee-round-100-winner-announcement.
01/13/2022 06:09:33 AM - INFO : Found and added @shaka/lets-make-a-collage-round-99-winner-announcement.
01/13/2022 06:09:33 AM - INFO : Found and added @shaka/lets-make-a-collage-round-98-winner-announcement.
01/13/2022 06:09:33 AM - INFO : Found and added @shaka/lets-make-a-collage-round-97-winner-announcement.
01/13/2022 06:09:33 AM - INFO : Found and added @shaka/lets-make-a-collage-round-96-winner-announcement.
01/13/2022 06:09:33 AM - INFO : Found and added @shaka/lets-make-a-collage-round-95-winner-announcement.
01/13/2022 06:09:33 AM - INFO : Found and added @shaka/lets-make-a-collage-round-94-winner-announcement.
01/13/2022 06:09:33 AM - INFO : Found and added @shaka/lets-make-a-collage-round-93-winner-announcement.
01/13/2022 06:09:33 AM - INFO : Found and added @shaka/lets-make-a-collage-round-92-winner-announcement.
01/13/2022 06:09:33 AM - INFO : Found and added @shaka/lets-make-a-collage-round-91-winner-announcement.
01/13/2022 06:09:33 AM - INFO : Found and added @shaka/lets-make-a-collage-round-90-winner-announcement.
01/13/2022 06:09:33 AM - INFO : Found and added @shaka/lets-make-a-collage-round-89-winner-announcement.
01/13/2022 06:09:33 AM - INFO : Found and added @shaka/lets-make-a-collage-round-88-winner-announcement.
01/13/2022 06:09:33 AM - INFO : Found and added @shaka/lets-make-a-collage-round-87-winner-announcement.
01/13/2022 06:09:33 AM - INFO : Found and added @shaka/lets-make-a-collage-round-86-winner-announcement.
01/13/2022 06:09:33 AM - INFO : Found and added @shaka/lets-make-a-collage-round-85-winner-announcement.
01/13/2022 06:09:33 AM - INFO : Found and added @shaka/lets-make-a-collage-round-84-winner-announcement.
01/13/2022 06:09:33 AM - INFO : Found and added @shaka/lets-make-a-collage-round-83-winner-announcement.
01/15/2022 05:11:29 AM - INFO : Found and added @shaka/lets-make-a-collage-round-107-winner-announcement.
01/15/2022 05:11:29 AM - INFO : Found and added @shaka/lets-make-a-collage-round-106-winner-announcement.
01/15/2022 05:11:29 AM - INFO : Found and added @shaka/lets-make-a-collage-round-105-winner-announcement.
01/15/2022 05:11:29 AM - INFO : Found and added @shaka/lets-make-a-collage-round-104-winner-announcement.
01/15/2022 05:11:29 AM - INFO : Found and added @shaka/lets-make-a-collage-round-103-winner-announcement.
01/15/2022 05:11:29 AM - INFO : Found and added @shaka/lets-make-a-collage-round-102-winner-announcement.
01/15/2022 05:11:29 AM - INFO : Found and added @shaka/lets-make-a-collage-round-101-winner-announcement.
01/15/2022 05:11:29 AM - INFO : Found and added @shaka/lets-make-a-collage-jubilee-round-100-winner-announcement.
01/15/2022 05:11:29 AM - INFO : Found and added @shaka/lets-make-a-collage-round-99-winner-announcement.
01/15/2022 05:11:29 AM - INFO : Found and added @shaka/lets-make-a-collage-round-98-winner-announcement.
01/15/2022 05:11:29 AM - INFO : Found and added @shaka/lets-make-a-collage-round-97-winner-announcement.
01/15/2022 05:11:29 AM - INFO : Found and added @shaka/lets-make-a-collage-round-96-winner-announcement.
01/15/2022 05:11:29 AM - INFO : Found and added @shaka/lets-make-a-collage-round-95-winner-announcement.
01/15/2022 05:11:29 AM - INFO : Found and added @shaka/lets-make-a-collage-round-94-winner-announcement.
01/15/2022 05:11:29 AM - INFO : Found and added @shaka/lets-make-a-collage-round-93-winner-announcement.
01/15/2022 05:11:29 AM - INFO : Found and added @shaka/lets-make-a-collage-round-92-winner-announcement.
01/15/2022 05:11:29 AM - INFO : Found and added @shaka/lets-make-a-collage-round-91-winner-announcement.
01/15/2022 05:11:29 AM - INFO : Found and added @shaka/lets-make-a-collage-round-90-winner-announcement.
01/15/2022 05:11:29 AM - INFO : Found and added @shaka/lets-make-a-collage-round-89-winner-announcement.
01/15/2022 05:11:29 AM - INFO : Found and added @shaka/lets-make-a-collage-round-88-winner-announcement.
01/15/2022 05:11:29 AM - INFO : Found and added @shaka/lets-make-a-collage-round-87-winner-announcement.
01/15/2022 05:11:29 AM - INFO : Found and added @shaka/lets-make-a-collage-round-86-winner-announcement.
01/15/2022 05:11:29 AM - INFO : Found and added @shaka/lets-make-a-collage-round-85-winner-announcement.
01/15/2022 05:11:29 AM - INFO : Found and added @shaka/lets-make-a-collage-round-84-winner-announcement.
01/15/2022 05:22:18 AM - INFO : Found and added @shaka/lets-make-a-collage-round-107-winner-announcement.
01/15/2022 05:22:18 AM - INFO : Found and added @shaka/lets-make-a-collage-round-106-winner-announcement.
01/15/2022 05:22:18 AM - INFO : Found and added @shaka/lets-make-a-collage-round-105-winner-announcement.
01/15/2022 05:22:18 AM - INFO : Found and added @shaka/lets-make-a-collage-round-104-winner-announcement.
01/15/2022 05:22:18 AM - INFO : Found and added @shaka/lets-make-a-collage-round-103-winner-announcement.
01/15/2022 05:22:18 AM - INFO : Found and added @shaka/lets-make-a-collage-round-102-winner-announcement.
01/15/2022 05:22:18 AM - INFO : Found and added @shaka/lets-make-a-collage-round-101-winner-announcement.
01/15/2022 05:22:18 AM - INFO : Found and added @shaka/lets-make-a-collage-jubilee-round-100-winner-announcement.
01/15/2022 05:22:18 AM - INFO : Found and added @shaka/lets-make-a-collage-round-99-winner-announcement.
01/15/2022 05:22:18 AM - INFO : Found and added @shaka/lets-make-a-collage-round-98-winner-announcement.
01/15/2022 05:22:18 AM - INFO : Found and added @shaka/lets-make-a-collage-round-97-winner-announcement.
01/15/2022 05:22:18 AM - INFO : Found and added @shaka/lets-make-a-collage-round-96-winner-announcement.
01/15/2022 05:22:18 AM - INFO : Found and added @shaka/lets-make-a-collage-round-95-winner-announcement.
01/15/2022 05:22:18 AM - INFO : Found and added @shaka/lets-make-a-collage-round-94-winner-announcement.
01/15/2022 05:22:18 AM - INFO : Found and added @shaka/lets-make-a-collage-round-93-winner-announcement.
01/15/2022 05:22:18 AM - INFO : Found and added @shaka/lets-make-a-collage-round-92-winner-announcement.
01/15/2022 05:22:18 AM - INFO : Found and added @shaka/lets-make-a-collage-round-91-winner-announcement.
01/15/2022 05:22:18 AM - INFO : Found and added @shaka/lets-make-a-collage-round-90-winner-announcement.
01/15/2022 05:22:18 AM - INFO : Found and added @shaka/lets-make-a-collage-round-89-winner-announcement.
01/15/2022 05:22:18 AM - INFO : Found and added @shaka/lets-make-a-collage-round-88-winner-announcement.
01/15/2022 05:22:18 AM - INFO : Found and added @shaka/lets-make-a-collage-round-87-winner-announcement.
01/15/2022 05:22:18 AM - INFO : Found and added @shaka/lets-make-a-collage-round-86-winner-announcement.
01/15/2022 05:22:18 AM - INFO : Found and added @shaka/lets-make-a-collage-round-85-winner-announcement.
01/15/2022 05:22:18 AM - INFO : Found and added @shaka/lets-make-a-collage-round-84-winner-announcement.
01/15/2022 05:24:02 AM - INFO : Found and added @shaka/lets-make-a-collage-round-107-winner-announcement.
01/15/2022 05:24:02 AM - INFO : Found and added @shaka/lets-make-a-collage-round-106-winner-announcement.
01/15/2022 05:24:02 AM - INFO : Found and added @shaka/lets-make-a-collage-round-105-winner-announcement.
01/15/2022 05:24:02 AM - INFO : Found and added @shaka/lets-make-a-collage-round-104-winner-announcement.
01/15/2022 05:24:02 AM - INFO : Found and added @shaka/lets-make-a-collage-round-103-winner-announcement.
01/15/2022 05:24:02 AM - INFO : Found and added @shaka/lets-make-a-collage-round-102-winner-announcement.
01/15/2022 05:24:02 AM - INFO : Found and added @shaka/lets-make-a-collage-round-101-winner-announcement.
01/15/2022 05:24:02 AM - INFO : Found and added @shaka/lets-make-a-collage-jubilee-round-100-winner-announcement.
01/15/2022 05:24:02 AM - INFO : Found and added @shaka/lets-make-a-collage-round-99-winner-announcement.
01/15/2022 05:24:02 AM - INFO : Found and added @shaka/lets-make-a-collage-round-98-winner-announcement.
01/15/2022 05:24:02 AM - INFO : Found and added @shaka/lets-make-a-collage-round-97-winner-announcement.
01/15/2022 05:24:02 AM - INFO : Found and added @shaka/lets-make-a-collage-round-96-winner-announcement.
01/15/2022 05:24:02 AM - INFO : Found and added @shaka/lets-make-a-collage-round-95-winner-announcement.
01/15/2022 05:24:02 AM - INFO : Found and added @shaka/lets-make-a-collage-round-94-winner-announcement.
01/15/2022 05:24:02 AM - INFO : Found and added @shaka/lets-make-a-collage-round-93-winner-announcement.
01/15/2022 05:24:02 AM - INFO : Found and added @shaka/lets-make-a-collage-round-92-winner-announcement.
01/15/2022 05:24:02 AM - INFO : Found and added @shaka/lets-make-a-collage-round-91-winner-announcement.
01/15/2022 05:24:02 AM - INFO : Found and added @shaka/lets-make-a-collage-round-90-winner-announcement.
01/15/2022 05:24:02 AM - INFO : Found and added @shaka/lets-make-a-collage-round-89-winner-announcement.
01/15/2022 05:24:02 AM - INFO : Found and added @shaka/lets-make-a-collage-round-88-winner-announcement.
01/15/2022 05:24:02 AM - INFO : Found and added @shaka/lets-make-a-collage-round-87-winner-announcement.
01/15/2022 05:24:02 AM - INFO : Found and added @shaka/lets-make-a-collage-round-86-winner-announcement.
01/15/2022 05:24:02 AM - INFO : Found and added @shaka/lets-make-a-collage-round-85-winner-announcement.
01/15/2022 05:24:02 AM - INFO : Found and added @shaka/lets-make-a-collage-round-84-winner-announcement.
01/15/2022 05:26:22 AM - INFO : Found and added @shaka/lets-make-a-collage-round-107-winner-announcement.
01/15/2022 05:26:22 AM - INFO : Found and added @shaka/lets-make-a-collage-round-106-winner-announcement.
01/15/2022 05:26:22 AM - INFO : Found and added @shaka/lets-make-a-collage-round-105-winner-announcement.
01/15/2022 05:26:22 AM - INFO : Found and added @shaka/lets-make-a-collage-round-104-winner-announcement.
01/15/2022 05:26:22 AM - INFO : Found and added @shaka/lets-make-a-collage-round-103-winner-announcement.
01/15/2022 05:26:22 AM - INFO : Found and added @shaka/lets-make-a-collage-round-102-winner-announcement.
01/15/2022 05:26:22 AM - INFO : Found and added @shaka/lets-make-a-collage-round-101-winner-announcement.
01/15/2022 05:26:22 AM - INFO : Found and added @shaka/lets-make-a-collage-jubilee-round-100-winner-announcement.
01/15/2022 05:26:22 AM - INFO : Found and added @shaka/lets-make-a-collage-round-99-winner-announcement.
01/15/2022 05:26:22 AM - INFO : Found and added @shaka/lets-make-a-collage-round-98-winner-announcement.
01/15/2022 05:26:22 AM - INFO : Found and added @shaka/lets-make-a-collage-round-97-winner-announcement.
01/15/2022 05:26:22 AM - INFO : Found and added @shaka/lets-make-a-collage-round-96-winner-announcement.
01/15/2022 05:26:22 AM - INFO : Found and added @shaka/lets-make-a-collage-round-95-winner-announcement.
01/15/2022 05:26:22 AM - INFO : Found and added @shaka/lets-make-a-collage-round-94-winner-announcement.
01/15/2022 05:26:22 AM - INFO : Found and added @shaka/lets-make-a-collage-round-93-winner-announcement.
01/15/2022 05:26:22 AM - INFO : Found and added @shaka/lets-make-a-collage-round-92-winner-announcement.
01/15/2022 05:26:22 AM - INFO : Found and added @shaka/lets-make-a-collage-round-91-winner-announcement.
01/15/2022 05:26:22 AM - INFO : Found and added @shaka/lets-make-a-collage-round-90-winner-announcement.
01/15/2022 05:26:22 AM - INFO : Found and added @shaka/lets-make-a-collage-round-89-winner-announcement.
01/15/2022 05:26:22 AM - INFO : Found and added @shaka/lets-make-a-collage-round-88-winner-announcement.
01/15/2022 05:26:22 AM - INFO : Found and added @shaka/lets-make-a-collage-round-87-winner-announcement.
01/15/2022 05:26:22 AM - INFO : Found and added @shaka/lets-make-a-collage-round-86-winner-announcement.
01/15/2022 05:26:22 AM - INFO : Found and added @shaka/lets-make-a-collage-round-85-winner-announcement.
01/15/2022 05:26:22 AM - INFO : Found and added @shaka/lets-make-a-collage-round-84-winner-announcement.
01/15/2022 05:27:24 AM - INFO : Found and added @shaka/lets-make-a-collage-round-107-winner-announcement.
01/15/2022 05:27:24 AM - INFO : Found and added @shaka/lets-make-a-collage-round-106-winner-announcement.
01/15/2022 05:27:24 AM - INFO : Found and added @shaka/lets-make-a-collage-round-105-winner-announcement.
01/15/2022 05:27:24 AM - INFO : Found and added @shaka/lets-make-a-collage-round-104-winner-announcement.
01/15/2022 05:27:24 AM - INFO : Found and added @shaka/lets-make-a-collage-round-103-winner-announcement.
01/15/2022 05:27:24 AM - INFO : Found and added @shaka/lets-make-a-collage-round-102-winner-announcement.
01/15/2022 05:27:24 AM - INFO : Found and added @shaka/lets-make-a-collage-round-101-winner-announcement.
01/15/2022 05:27:24 AM - INFO : Found and added @shaka/lets-make-a-collage-jubilee-round-100-winner-announcement.
01/15/2022 05:27:24 AM - INFO : Found and added @shaka/lets-make-a-collage-round-99-winner-announcement.
01/15/2022 05:27:24 AM - INFO : Found and added @shaka/lets-make-a-collage-round-98-winner-announcement.
01/15/2022 05:27:24 AM - INFO : Found and added @shaka/lets-make-a-collage-round-97-winner-announcement.
01/15/2022 05:27:24 AM - INFO : Found and added @shaka/lets-make-a-collage-round-96-winner-announcement.
01/15/2022 05:27:24 AM - INFO : Found and added @shaka/lets-make-a-collage-round-95-winner-announcement.
01/15/2022 05:27:24 AM - INFO : Found and added @shaka/lets-make-a-collage-round-94-winner-announcement.
01/15/2022 05:27:24 AM - INFO : Found and added @shaka/lets-make-a-collage-round-93-winner-announcement.
01/15/2022 05:27:24 AM - INFO : Found and added @shaka/lets-make-a-collage-round-92-winner-announcement.
01/15/2022 05:27:24 AM - INFO : Found and added @shaka/lets-make-a-collage-round-91-winner-announcement.
01/15/2022 05:27:24 AM - INFO : Found and added @shaka/lets-make-a-collage-round-90-winner-announcement.
01/15/2022 05:27:24 AM - INFO : Found and added @shaka/lets-make-a-collage-round-89-winner-announcement.
01/15/2022 05:27:24 AM - INFO : Found and added @shaka/lets-make-a-collage-round-88-winner-announcement.
01/15/2022 05:27:24 AM - INFO : Found and added @shaka/lets-make-a-collage-round-87-winner-announcement.
01/15/2022 05:27:24 AM - INFO : Found and added @shaka/lets-make-a-collage-round-86-winner-announcement.
01/15/2022 05:27:24 AM - INFO : Found and added @shaka/lets-make-a-collage-round-85-winner-announcement.
01/15/2022 05:27:24 AM - INFO : Found and added @shaka/lets-make-a-collage-round-84-winner-announcement.
01/15/2022 05:28:58 AM - INFO : Found and added @shaka/lets-make-a-collage-round-107-winner-announcement.
01/15/2022 05:28:58 AM - INFO : Found and added @shaka/lets-make-a-collage-round-106-winner-announcement.
01/15/2022 05:28:58 AM - INFO : Found and added @shaka/lets-make-a-collage-round-105-winner-announcement.
01/15/2022 05:28:58 AM - INFO : Found and added @shaka/lets-make-a-collage-round-104-winner-announcement.
01/15/2022 05:28:58 AM - INFO : Found and added @shaka/lets-make-a-collage-round-103-winner-announcement.
01/15/2022 05:28:58 AM - INFO : Found and added @shaka/lets-make-a-collage-round-102-winner-announcement.
01/15/2022 05:28:58 AM - INFO : Found and added @shaka/lets-make-a-collage-round-101-winner-announcement.
01/15/2022 05:28:58 AM - INFO : Found and added @shaka/lets-make-a-collage-jubilee-round-100-winner-announcement.
01/15/2022 05:28:58 AM - INFO : Found and added @shaka/lets-make-a-collage-round-99-winner-announcement.
01/15/2022 05:28:58 AM - INFO : Found and added @shaka/lets-make-a-collage-round-98-winner-announcement.
01/15/2022 05:28:58 AM - INFO : Found and added @shaka/lets-make-a-collage-round-97-winner-announcement.
01/15/2022 05:28:58 AM - INFO : Found and added @shaka/lets-make-a-collage-round-96-winner-announcement.
01/15/2022 05:28:58 AM - INFO : Found and added @shaka/lets-make-a-collage-round-95-winner-announcement.
01/15/2022 05:28:58 AM - INFO : Found and added @shaka/lets-make-a-collage-round-94-winner-announcement.
01/15/2022 05:28:58 AM - INFO : Found and added @shaka/lets-make-a-collage-round-93-winner-announcement.
01/15/2022 05:28:58 AM - INFO : Found and added @shaka/lets-make-a-collage-round-92-winner-announcement.
01/15/2022 05:28:58 AM - INFO : Found and added @shaka/lets-make-a-collage-round-91-winner-announcement.
01/15/2022 05:28:58 AM - INFO : Found and added @shaka/lets-make-a-collage-round-90-winner-announcement.
01/15/2022 05:28:58 AM - INFO : Found and added @shaka/lets-make-a-collage-round-89-winner-announcement.
01/15/2022 05:28:58 AM - INFO : Found and added @shaka/lets-make-a-collage-round-88-winner-announcement.
01/15/2022 05:28:58 AM - INFO : Found and added @shaka/lets-make-a-collage-round-87-winner-announcement.
01/15/2022 05:28:58 AM - INFO : Found and added @shaka/lets-make-a-collage-round-86-winner-announcement.
01/15/2022 05:28:58 AM - INFO : Found and added @shaka/lets-make-a-collage-round-85-winner-announcement.
01/15/2022 05:28:58 AM - INFO : Found and added @shaka/lets-make-a-collage-round-84-winner-announcement.
01/15/2022 05:37:28 AM - INFO : Found and added @shaka/lets-make-a-collage-round-107-winner-announcement.
01/15/2022 05:37:28 AM - INFO : Found and added @shaka/lets-make-a-collage-round-106-winner-announcement.
01/15/2022 05:37:28 AM - INFO : Found and added @shaka/lets-make-a-collage-round-105-winner-announcement.
01/15/2022 05:37:28 AM - INFO : Found and added @shaka/lets-make-a-collage-round-104-winner-announcement.
01/15/2022 05:37:28 AM - INFO : Found and added @shaka/lets-make-a-collage-round-103-winner-announcement.
01/15/2022 05:37:28 AM - INFO : Found and added @shaka/lets-make-a-collage-round-102-winner-announcement.
01/15/2022 05:37:28 AM - INFO : Found and added @shaka/lets-make-a-collage-round-101-winner-announcement.
01/15/2022 05:37:28 AM - INFO : Found and added @shaka/lets-make-a-collage-jubilee-round-100-winner-announcement.
01/15/2022 05:37:28 AM - INFO : Found and added @shaka/lets-make-a-collage-round-99-winner-announcement.
01/15/2022 05:37:28 AM - INFO : Found and added @shaka/lets-make-a-collage-round-98-winner-announcement.
01/15/2022 05:37:28 AM - INFO : Found and added @shaka/lets-make-a-collage-round-97-winner-announcement.
01/15/2022 05:37:28 AM - INFO : Found and added @shaka/lets-make-a-collage-round-96-winner-announcement.
01/15/2022 05:37:28 AM - INFO : Found and added @shaka/lets-make-a-collage-round-95-winner-announcement.
01/15/2022 05:37:28 AM - INFO : Found and added @shaka/lets-make-a-collage-round-94-winner-announcement.
01/15/2022 05:37:28 AM - INFO : Found and added @shaka/lets-make-a-collage-round-93-winner-announcement.
01/15/2022 05:37:28 AM - INFO : Found and added @shaka/lets-make-a-collage-round-92-winner-announcement.
01/15/2022 05:37:28 AM - INFO : Found and added @shaka/lets-make-a-collage-round-91-winner-announcement.
01/15/2022 05:37:28 AM - INFO : Found and added @shaka/lets-make-a-collage-round-90-winner-announcement.
01/15/2022 05:37:28 AM - INFO : Found and added @shaka/lets-make-a-collage-round-89-winner-announcement.
01/15/2022 05:37:28 AM - INFO : Found and added @shaka/lets-make-a-collage-round-88-winner-announcement.
01/15/2022 05:37:28 AM - INFO : Found and added @shaka/lets-make-a-collage-round-87-winner-announcement.
01/15/2022 05:37:28 AM - INFO : Found and added @shaka/lets-make-a-collage-round-86-winner-announcement.
01/15/2022 05:37:28 AM - INFO : Found and added @shaka/lets-make-a-collage-round-85-winner-announcement.
01/15/2022 05:37:28 AM - INFO : Found and added @shaka/lets-make-a-collage-round-84-winner-announcement.
01/15/2022 05:50:23 AM - INFO : Found and added @shaka/lets-make-a-collage-round-107-winner-announcement.
01/15/2022 05:50:23 AM - INFO : Found and added @shaka/lets-make-a-collage-round-106-winner-announcement.
01/15/2022 05:50:23 AM - INFO : Found and added @shaka/lets-make-a-collage-round-105-winner-announcement.
01/15/2022 05:50:23 AM - INFO : Found and added @shaka/lets-make-a-collage-round-104-winner-announcement.
01/15/2022 05:50:23 AM - INFO : Found and added @shaka/lets-make-a-collage-round-103-winner-announcement.
01/15/2022 05:50:23 AM - INFO : Found and added @shaka/lets-make-a-collage-round-102-winner-announcement.
01/15/2022 05:50:23 AM - INFO : Found and added @shaka/lets-make-a-collage-round-101-winner-announcement.
01/15/2022 05:50:23 AM - INFO : Found and added @shaka/lets-make-a-collage-jubilee-round-100-winner-announcement.
01/15/2022 05:50:23 AM - INFO : Found and added @shaka/lets-make-a-collage-round-99-winner-announcement.
01/15/2022 05:50:23 AM - INFO : Found and added @shaka/lets-make-a-collage-round-98-winner-announcement.
01/15/2022 05:50:23 AM - INFO : Found and added @shaka/lets-make-a-collage-round-97-winner-announcement.
01/15/2022 05:50:23 AM - INFO : Found and added @shaka/lets-make-a-collage-round-96-winner-announcement.
01/15/2022 05:50:23 AM - INFO : Found and added @shaka/lets-make-a-collage-round-95-winner-announcement.
01/15/2022 05:50:23 AM - INFO : Found and added @shaka/lets-make-a-collage-round-94-winner-announcement.
01/15/2022 05:50:23 AM - INFO : Found and added @shaka/lets-make-a-collage-round-93-winner-announcement.
01/15/2022 05:50:23 AM - INFO : Found and added @shaka/lets-make-a-collage-round-92-winner-announcement.
01/15/2022 05:50:23 AM - INFO : Found and added @shaka/lets-make-a-collage-round-91-winner-announcement.
01/15/2022 05:50:23 AM - INFO : Found and added @shaka/lets-make-a-collage-round-90-winner-announcement.
01/15/2022 05:50:23 AM - INFO : Found and added @shaka/lets-make-a-collage-round-89-winner-announcement.
01/15/2022 05:50:23 AM - INFO : Found and added @shaka/lets-make-a-collage-round-88-winner-announcement.
01/15/2022 05:50:23 AM - INFO : Found and added @shaka/lets-make-a-collage-round-87-winner-announcement.
01/15/2022 05:50:23 AM - INFO : Found and added @shaka/lets-make-a-collage-round-86-winner-announcement.
01/15/2022 05:50:23 AM - INFO : Found and added @shaka/lets-make-a-collage-round-85-winner-announcement.
01/15/2022 05:50:23 AM - INFO : Found and added @shaka/lets-make-a-collage-round-84-winner-announcement.
03/01/2022 09:51:23 PM - INFO : Found and added @shaka/lets-make-a-collage-round-113-winner-announcement.
03/01/2022 09:51:23 PM - INFO : Found and added @shaka/lets-make-a-collage-round-112-winner-announcement.
03/01/2022 09:51:23 PM - WARNING : Unknown contest Id in @shaka/art-and-science-an-lmacstemsocial-special-winner-announcement.
03/01/2022 09:51:23 PM - INFO : Found and added @shaka/lets-make-a-collage-round-110-winner-announcement.
03/01/2022 09:51:23 PM - INFO : Found and added @shaka/lets-make-a-collage-round-109-winner-announcement.
03/01/2022 09:51:23 PM - INFO : Found and added @shaka/lets-make-a-collage-round-108-winner-announcement.
03/01/2022 09:51:23 PM - INFO : Found and added @shaka/lets-make-a-collage-round-107-winner-announcement.
03/01/2022 09:51:23 PM - INFO : Found and added @shaka/lets-make-a-collage-round-106-winner-announcement.
03/01/2022 09:51:23 PM - INFO : Found and added @shaka/lets-make-a-collage-round-105-winner-announcement.
03/01/2022 09:51:23 PM - INFO : Found and added @shaka/lets-make-a-collage-round-104-winner-announcement.
03/01/2022 09:51:23 PM - INFO : Found and added @shaka/lets-make-a-collage-round-103-winner-announcement.
03/01/2022 09:51:23 PM - INFO : Found and added @shaka/lets-make-a-collage-round-102-winner-announcement.
03/01/2022 09:51:23 PM - INFO : Found and added @shaka/lets-make-a-collage-round-101-winner-announcement.
03/01/2022 09:51:23 PM - INFO : Found and added @shaka/lets-make-a-collage-jubilee-round-100-winner-announcement.
03/01/2022 09:51:23 PM - INFO : Found and added @shaka/lets-make-a-collage-round-99-winner-announcement.
03/01/2022 09:51:23 PM - INFO : Found and added @shaka/lets-make-a-collage-round-98-winner-announcement.
03/01/2022 09:51:23 PM - INFO : Found and added @shaka/lets-make-a-collage-round-97-winner-announcement.
03/01/2022 09:51:23 PM - INFO : Found and added @shaka/lets-make-a-collage-round-96-winner-announcement.
03/01/2022 09:51:23 PM - INFO : Found and added @shaka/lets-make-a-collage-round-95-winner-announcement.
03/01/2022 09:51:23 PM - INFO : Found and added @shaka/lets-make-a-collage-round-94-winner-announcement.
03/01/2022 09:51:23 PM - INFO : Found and added @shaka/lets-make-a-collage-round-93-winner-announcement.
03/01/2022 09:51:23 PM - INFO : Found and added @shaka/lets-make-a-collage-round-92-winner-announcement.
03/01/2022 09:51:23 PM - INFO : Found and added @shaka/lets-make-a-collage-round-91-winner-announcement.
03/01/2022 09:51:23 PM - INFO : Found and added @shaka/lets-make-a-collage-round-90-winner-announcement.
